TN:
SF:/home/brunot/workspace/CrossOverToDo/xo_todo/client/src/polyfills.ts
FNF:0
FNH:0
DA:44,1
DA:45,1
DA:56,1
LF:3
LH:3
BRF:0
BRH:0
end_of_record
TN:
SF:/home/brunot/workspace/CrossOverToDo/xo_todo/client/src/test.ts
FN:20,(anonymous_0)
FNF:1
FNH:1
FNDA:1,(anonymous_0)
DA:3,1
DA:4,1
DA:5,1
DA:6,1
DA:7,1
DA:8,1
DA:9,1
DA:10,1
DA:20,1
DA:23,1
DA:28,1
DA:30,1
DA:32,1
LF:13
LH:13
BRF:0
BRH:0
end_of_record
TN:
SF:/home/brunot/workspace/CrossOverToDo/xo_todo/client/src/app/app.component.ts
FN:8,(anonymous_1)
FN:8,AppComponent
FNF:2
FNH:2
FNDA:1,(anonymous_1)
FNDA:1,AppComponent
DA:1,1
DA:8,1
DA:10,1
LF:3
LH:3
BRF:0
BRH:0
end_of_record
TN:
SF:/home/brunot/workspace/CrossOverToDo/xo_todo/client/src/app/mocks.tests.ts
FN:6,(anonymous_0)
FN:7,(anonymous_2)
FN:8,(anonymous_3)
FN:14,(anonymous_4)
FN:19,(anonymous_6)
FN:22,(anonymous_7)
FN:24,(anonymous_8)
FNF:7
FNH:4
FNDA:11,(anonymous_0)
FNDA:3,(anonymous_2)
FNDA:3,(anonymous_3)
FNDA:1,(anonymous_4)
FNDA:0,(anonymous_6)
FNDA:0,(anonymous_7)
FNDA:0,(anonymous_8)
DA:2,1
DA:6,1
DA:7,1
DA:8,3
DA:9,3
DA:12,1
DA:14,1
DA:16,0
DA:18,0
DA:22,1
DA:23,0
DA:25,0
DA:26,0
DA:28,0
DA:32,1
LF:15
LH:9
BRDA:25,0,0,0
BRDA:25,0,1,0
BRF:2
BRH:0
end_of_record
TN:
SF:/home/brunot/workspace/CrossOverToDo/xo_todo/client/src/app/header/header.component.ts
FN:10,(anonymous_2)
FN:14,HeaderComponent
FN:19,(anonymous_4)
FN:21,(anonymous_5)
FN:27,(anonymous_6)
FN:31,(anonymous_7)
FN:34,(anonymous_8)
FN:37,(anonymous_9)
FNF:8
FNH:8
FNDA:1,(anonymous_2)
FNDA:3,HeaderComponent
FNDA:3,(anonymous_4)
FNDA:3,(anonymous_5)
FNDA:2,(anonymous_6)
FNDA:1,(anonymous_7)
FNDA:1,(anonymous_8)
FNDA:1,(anonymous_9)
DA:1,1
DA:2,1
DA:3,1
DA:10,1
DA:12,1
DA:14,3
DA:15,3
DA:19,3
DA:20,3
DA:22,3
DA:27,2
DA:28,2
DA:29,2
DA:32,1
DA:35,1
DA:39,1
DA:43,1
LF:17
LH:17
BRDA:14,0,0,1
BRDA:14,0,1,0
BRDA:14,1,0,1
BRDA:14,2,0,1
BRDA:14,2,1,1
BRDA:14,2,2,0
BRDA:14,3,0,1
BRDA:14,3,1,1
BRF:8
BRH:6
end_of_record
TN:
SF:/home/brunot/workspace/CrossOverToDo/xo_todo/client/src/app/login-page/login-page.component.ts
FN:12,(anonymous_2)
FN:17,LoginPageComponent
FN:22,(anonymous_4)
FN:32,(anonymous_5)
FN:38,(anonymous_6)
FN:44,(anonymous_7)
FN:62,(anonymous_8)
FN:64,(anonymous_9)
FN:70,(anonymous_10)
FNF:9
FNH:9
FNDA:1,(anonymous_2)
FNDA:4,LoginPageComponent
FNDA:4,(anonymous_4)
FNDA:3,(anonymous_5)
FNDA:3,(anonymous_6)
FNDA:3,(anonymous_7)
FNDA:3,(anonymous_8)
FNDA:3,(anonymous_9)
FNDA:3,(anonymous_10)
DA:1,1
DA:2,1
DA:3,1
DA:4,1
DA:5,1
DA:12,1
DA:14,4
DA:15,4
DA:17,4
DA:18,4
DA:19,4
DA:22,1
DA:24,4
DA:28,4
DA:32,3
DA:34,3
DA:36,3
DA:39,3
DA:44,1
DA:45,3
DA:46,1
DA:47,1
DA:49,1
DA:50,2
DA:51,1
DA:52,1
DA:54,1
DA:55,1
DA:57,3
DA:62,3
DA:63,3
DA:64,3
DA:65,3
DA:70,1
DA:71,3
DA:72,3
DA:75,1
LF:37
LH:37
BRDA:45,0,0,1
BRDA:45,0,1,2
BRDA:50,1,0,1
BRDA:50,1,1,1
BRDA:17,2,0,1
BRDA:17,2,1,0
BRDA:17,3,0,1
BRDA:17,4,0,1
BRDA:17,4,1,1
BRDA:17,4,2,0
BRDA:17,5,0,1
BRDA:17,5,1,1
BRDA:18,6,0,1
BRDA:18,6,1,1
BRDA:18,6,2,0
BRDA:18,7,0,1
BRDA:18,7,1,1
BRF:17
BRH:14
end_of_record
TN:
SF:/home/brunot/workspace/CrossOverToDo/xo_todo/client/src/app/panel/panel.component.ts
FN:28,(anonymous_2)
FN:34,PanelComponent
FN:37,(anonymous_4)
FNF:3
FNH:3
FNDA:1,(anonymous_2)
FNDA:1,PanelComponent
FNDA:1,(anonymous_4)
DA:1,1
DA:2,1
DA:28,1
DA:30,2
DA:31,2
DA:32,2
DA:37,1
DA:40,1
LF:8
LH:8
BRF:0
BRH:0
end_of_record
TN:
SF:/home/brunot/workspace/CrossOverToDo/xo_todo/client/src/app/services/auth-guard.service.ts
FN:7,(anonymous_2)
FN:9,AuthGuard
FN:13,(anonymous_4)
FN:16,(anonymous_5)
FNF:4
FNH:4
FNDA:1,(anonymous_2)
FNDA:3,AuthGuard
FNDA:2,(anonymous_4)
FNDA:2,(anonymous_5)
DA:1,1
DA:2,1
DA:4,1
DA:7,1
DA:9,3
DA:10,3
DA:13,2
DA:15,2
DA:17,2
DA:18,1
DA:20,2
DA:24,1
LF:12
LH:12
BRDA:17,0,0,1
BRDA:17,0,1,1
BRDA:9,1,0,1
BRDA:9,1,1,0
BRDA:9,2,0,1
BRDA:9,3,0,1
BRDA:9,3,1,1
BRDA:9,3,2,0
BRDA:9,4,0,1
BRDA:9,4,1,1
BRF:10
BRH:8
end_of_record
TN:
SF:/home/brunot/workspace/CrossOverToDo/xo_todo/client/src/app/services/authentication.service.ts
FN:9,(anonymous_2)
FN:13,AuthenticationService
FN:18,(anonymous_4)
FN:25,(anonymous_5)
FN:29,(anonymous_6)
FN:35,(anonymous_7)
FN:40,(anonymous_8)
FN:45,(anonymous_9)
FN:47,(anonymous_10)
FNF:9
FNH:9
FNDA:1,(anonymous_2)
FNDA:15,AuthenticationService
FNDA:1,(anonymous_4)
FNDA:1,(anonymous_5)
FNDA:2,(anonymous_6)
FNDA:2,(anonymous_7)
FNDA:3,(anonymous_8)
FNDA:1,(anonymous_9)
FNDA:1,(anonymous_10)
DA:1,1
DA:2,1
DA:3,1
DA:4,1
DA:6,1
DA:9,1
DA:10,15
DA:11,15
DA:13,15
DA:14,15
DA:18,1
DA:19,1
DA:20,1
DA:21,1
DA:22,1
DA:25,1
DA:29,1
DA:30,2
DA:31,2
DA:35,1
DA:36,2
DA:40,1
DA:41,3
DA:45,1
DA:46,1
DA:47,1
DA:50,1
LF:27
LH:27
BRDA:13,0,0,1
BRDA:13,0,1,0
BRDA:13,1,0,1
BRDA:13,2,0,1
BRDA:13,2,1,1
BRDA:13,2,2,0
BRDA:13,3,0,1
BRDA:13,3,1,1
BRF:8
BRH:6
end_of_record
TN:
SF:/home/brunot/workspace/CrossOverToDo/xo_todo/client/src/app/services/to-do.service.ts
FN:9,(anonymous_2)
FN:12,ToDoService
FN:17,(anonymous_4)
FN:20,(anonymous_5)
FN:24,(anonymous_6)
FN:33,(anonymous_7)
FN:37,(anonymous_8)
FN:50,(anonymous_9)
FN:54,(anonymous_10)
FN:64,(anonymous_11)
FNF:10
FNH:10
FNDA:1,(anonymous_2)
FNDA:29,ToDoService
FNDA:25,(anonymous_4)
FNDA:1,(anonymous_5)
FNDA:1,(anonymous_6)
FNDA:1,(anonymous_7)
FNDA:1,(anonymous_8)
FNDA:1,(anonymous_9)
FNDA:1,(anonymous_10)
FNDA:1,(anonymous_11)
DA:1,1
DA:2,1
DA:3,1
DA:4,1
DA:6,1
DA:9,1
DA:10,29
DA:12,29
DA:13,29
DA:17,1
DA:18,25
DA:19,25
DA:20,1
DA:24,1
DA:25,1
DA:26,1
DA:30,1
DA:31,1
DA:32,1
DA:33,1
DA:37,1
DA:41,1
DA:42,1
DA:47,1
DA:48,1
DA:49,1
DA:50,1
DA:54,1
DA:55,1
DA:56,1
DA:57,1
DA:58,1
DA:59,1
DA:63,1
DA:64,1
DA:66,1
LF:36
LH:36
BRDA:12,0,0,1
BRDA:12,0,1,0
BRDA:12,1,0,1
BRDA:12,2,0,1
BRDA:12,2,1,1
BRDA:12,2,2,0
BRDA:12,3,0,1
BRDA:12,3,1,1
BRF:8
BRH:6
end_of_record
TN:
SF:/home/brunot/workspace/CrossOverToDo/xo_todo/client/src/app/to-do-page/to-do-page.component.ts
FN:26,(anonymous_2)
FN:38,ToDoPageComponent
FN:43,(anonymous_4)
FN:48,(anonymous_5)
FN:53,(anonymous_6)
FN:59,(anonymous_7)
FN:63,(anonymous_8)
FN:78,(anonymous_9)
FN:80,(anonymous_10)
FN:92,(anonymous_11)
FN:115,(anonymous_12)
FN:125,(anonymous_13)
FN:140,(anonymous_14)
FN:150,(anonymous_15)
FN:155,(anonymous_16)
FN:168,(anonymous_17)
FN:171,(anonymous_18)
FN:185,(anonymous_19)
FN:188,(anonymous_20)
FN:201,(anonymous_21)
FN:209,(anonymous_22)
FN:211,(anonymous_23)
FN:217,(anonymous_24)
FNF:23
FNH:23
FNDA:1,(anonymous_2)
FNDA:24,ToDoPageComponent
FNDA:24,(anonymous_4)
FNDA:1,(anonymous_5)
FNDA:1,(anonymous_6)
FNDA:3,(anonymous_7)
FNDA:3,(anonymous_8)
FNDA:27,(anonymous_9)
FNDA:3,(anonymous_10)
FNDA:2,(anonymous_11)
FNDA:3,(anonymous_12)
FNDA:3,(anonymous_13)
FNDA:1,(anonymous_14)
FNDA:3,(anonymous_15)
FNDA:3,(anonymous_16)
FNDA:3,(anonymous_17)
FNDA:3,(anonymous_18)
FNDA:3,(anonymous_19)
FNDA:3,(anonymous_20)
FNDA:17,(anonymous_21)
FNDA:17,(anonymous_22)
FNDA:17,(anonymous_23)
FNDA:17,(anonymous_24)
DA:1,1
DA:2,1
DA:3,1
DA:4,1
DA:5,1
DA:26,1
DA:28,24
DA:30,24
DA:32,1
DA:34,24
DA:35,24
DA:36,24
DA:38,24
DA:39,24
DA:43,1
DA:44,24
DA:48,1
DA:49,1
DA:53,1
DA:54,1
DA:55,1
DA:59,3
DA:60,3
DA:61,3
DA:62,3
DA:64,3
DA:65,3
DA:66,1
DA:67,1
DA:68,1
DA:69,2
DA:70,1
DA:72,1
DA:78,27
DA:79,27
DA:81,3
DA:82,1
DA:83,2
DA:84,1
DA:86,1
DA:92,1
DA:93,2
DA:94,2
DA:95,2
DA:97,2
DA:105,2
DA:106,1
DA:108,2
DA:109,1
DA:115,3
DA:116,3
DA:117,3
DA:124,3
DA:126,3
DA:127,1
DA:128,1
DA:129,1
DA:130,2
DA:131,1
DA:133,1
DA:140,1
DA:141,1
DA:142,2
DA:143,2
DA:144,1
DA:150,3
DA:151,3
DA:156,3
DA:157,1
DA:158,1
DA:159,2
DA:160,1
DA:162,1
DA:168,3
DA:169,3
DA:170,3
DA:172,3
DA:173,1
DA:174,1
DA:175,2
DA:176,1
DA:178,1
DA:185,3
DA:186,3
DA:187,3
DA:189,3
DA:190,1
DA:191,1
DA:192,2
DA:193,1
DA:195,1
DA:201,1
DA:202,17
DA:203,17
DA:204,17
DA:205,17
DA:209,17
DA:210,17
DA:211,17
DA:212,17
DA:217,1
DA:218,17
DA:219,17
DA:220,17
DA:222,1
LF:105
LH:105
BRDA:65,0,0,1
BRDA:65,0,1,2
BRDA:69,1,0,1
BRDA:69,1,1,1
BRDA:81,2,0,1
BRDA:81,2,1,2
BRDA:83,3,0,1
BRDA:83,3,1,1
BRDA:105,4,0,1
BRDA:105,4,1,1
BRDA:108,5,0,1
BRDA:108,5,1,1
BRDA:126,6,0,1
BRDA:126,6,1,2
BRDA:130,7,0,1
BRDA:130,7,1,1
BRDA:143,8,0,1
BRDA:143,8,1,1
BRDA:156,9,0,1
BRDA:156,9,1,2
BRDA:159,10,0,1
BRDA:159,10,1,1
BRDA:172,11,0,1
BRDA:172,11,1,2
BRDA:175,12,0,1
BRDA:175,12,1,1
BRDA:189,13,0,1
BRDA:189,13,1,2
BRDA:192,14,0,1
BRDA:192,14,1,1
BRDA:32,15,0,1
BRDA:32,15,1,0
BRDA:32,16,0,1
BRDA:38,17,0,1
BRDA:38,17,1,0
BRDA:38,18,0,1
BRDA:38,19,0,1
BRDA:38,19,1,1
BRDA:38,19,2,0
BRDA:38,20,0,1
BRDA:38,20,1,1
BRF:41
BRH:38
end_of_record
TN:
SF:/home/brunot/workspace/CrossOverToDo/xo_todo/client/src/app/to-do-page/to-do.model.ts
FN:1,(anonymous_0)
FN:2,ToDoModel
FN:11,(anonymous_2)
FNF:3
FNH:3
FNDA:1,(anonymous_0)
FNDA:5,ToDoModel
FNDA:1,(anonymous_2)
DA:1,1
DA:2,5
DA:3,5
DA:4,5
DA:5,5
DA:6,5
DA:7,5
DA:9,1
DA:11,1
DA:12,1
DA:13,1
LF:11
LH:11
BRDA:11,0,0,1
BRDA:11,0,1,1
BRF:2
BRH:2
end_of_record
